<?xml version="1.0" encoding="UTF-8"?>
<!-- Generated by org.testng.reporters.JUnitReportReporter -->
<testsuite hostname="vimalrajtamilmaran.local" failures="0" tests="3" name="TestNG.demo.CalculatorTest" time="0.025" errors="0" timestamp="2025-05-20T13:33:51 IST" skipped="0">
  <testcase classname="TestNG.demo.CalculatorTest" name="addNumbers" time="0.019"/>
  <testcase classname="TestNG.demo.CalculatorTest" name="multiplyNumbers" time="0.003"/>
  <testcase classname="TestNG.demo.CalculatorTest" name="subtractNumbers" time="0.003"/>
</testsuite> <!-- TestNG.demo.CalculatorTest -->
