<?xml version="1.0" encoding="UTF-8"?>
<!-- Generated by org.testng.reporters.JUnitReportReporter -->
<testsuite hostname="vimalrajtamilmaran.local" failures="0" tests="1" name="HelloTestNG" time="0.020" errors="0" timestamp="2025-05-19T15:17:40 IST" skipped="0">
  <testcase classname="HelloTestNG" name="sayHello" time="0.020"/>
</testsuite> <!-- HelloTestNG -->
