<?xml version="1.0" encoding="UTF-8"?>
<!-- Generated by org.testng.reporters.JUnitReportReporter -->
<testsuite hostname="vimalrajtamilmaran.local" failures="0" tests="2" name="TestNG.demo.LoginTest" time="0.024" errors="0" timestamp="2025-05-20T14:16:56 IST" skipped="0">
  <testcase classname="TestNG.demo.LoginTest" name="testLoginWithValidUserName" time="0.017"/>
  <testcase classname="TestNG.demo.LoginTest" name="testLoginWithInvalidUserName" time="0.007"/>
</testsuite> <!-- TestNG.demo.LoginTest -->
