<?xml version="1.0" encoding="UTF-8"?>
<!-- Generated by org.testng.reporters.JUnitReportReporter -->
<testsuite hostname="vimalrajtamilmaran.local" failures="0" tests="1" name="TestNG.demo.PvrBooking" time="48.141" errors="0" timestamp="2025-05-20T15:20:24 IST" skipped="0">
  <testcase classname="TestNG.demo.PvrBooking" name="bookingTicket" time="48.141"/>
</testsuite> <!-- TestNG.demo.PvrBooking -->
