<?xml version="1.0" encoding="UTF-8"?>
<!-- Generated by org.testng.reporters.JUnitReportReporter -->
<testsuite hostname="vimalrajtamilmaran.local" failures="0" tests="1" name="TestNG.demo.AmazonSearch" time="45.342" errors="0" timestamp="2025-05-20T15:17:25 IST" skipped="0">
  <testcase classname="TestNG.demo.AmazonSearch" name="searchBags" time="45.342"/>
</testsuite> <!-- TestNG.demo.AmazonSearch -->
